youtube WG8zNoDQ9oc
youtube CeFEX4e80Kw
youtube RshjSWA2RI0
youtube 6RUWhlebUK8
youtube glsJmeljRLk
youtube BdrufbSJwHE
youtube L3dtRrNJTwg
youtube rEsrkWlVj8A
youtube QNLMZ5MfTN0
youtube D4B6oWCYPm8
youtube YFSh9t178GE
youtube Zu_EKL9SOIk
youtube 84sgde7cJ-o
youtube ExqqdUXXdgA
youtube 5fp7v4PDs5I
youtube 5-ZTGP7a14g
youtube OV8jw5mzsj8
youtube nlA6bRcs0oU
youtube wuL_QurTJrE
youtube qeNL-bhdWqs
youtube 9HmOZZc0aEI
youtube 4ReaQIF0qwo
youtube U1qjkAyr40o
youtube NM22GRJZAng
youtube KNeDm06Xb2Y
youtube _hhMmU2wJqg
youtube -D54ksTbwDQ
youtube CxTPR9Bz90U
youtube AiJ5TOaUhj8
youtube lfBIYTrciHI
youtube Eek-BlAsA3o
youtube 4Q0KAxoxMPo
youtube MH0m5ktDJvU
youtube avgRx29hT00
youtube 0SsEeLvygoU
youtube 1BZynkwnqHs
youtube xzLF_8_3smU
youtube AkJEwWWPZhU
youtube sg-nx3B3qCI
youtube fO48CQGc56U
youtube g_FKVeNrKiQ
youtube 0c3N7sPFvgM
youtube 7pZCiPHlgwA
youtube WRK45UAKNv0
youtube X5-8NLYnSrM
youtube ZT7kegfG8ao
youtube -swFlvt4F-M
youtube 9_7Vbk7M-GU
youtube 3qCPiCQmAIk
youtube iTyy51M-Zis
youtube kG9W4OTGCow
youtube 7i7Cr6NfBCc
youtube DaRcInsggt8
youtube Ovoli4527ZI
youtube k0-NHY3y1Ro
youtube P9LDPM0AGuM
youtube Nc7NLPbHc58
youtube 9_7Vbk7M-GU
youtube 3qCPiCQmAIk
youtube iTyy51M-Zis
youtube kG9W4OTGCow
youtube 7i7Cr6NfBCc
youtube DaRcInsggt8
youtube Ovoli4527ZI
youtube k0-NHY3y1Ro
youtube P9LDPM0AGuM
youtube Nc7NLPbHc58
youtube AkJEwWWPZhU
youtube sg-nx3B3qCI
youtube fO48CQGc56U
youtube g_FKVeNrKiQ
youtube 0c3N7sPFvgM
youtube 7pZCiPHlgwA
youtube WRK45UAKNv0
youtube X5-8NLYnSrM
youtube ZT7kegfG8ao
youtube -swFlvt4F-M
youtube Zu_EKL9SOIk
youtube 84sgde7cJ-o
youtube 5fp7v4PDs5I
youtube nlA6bRcs0oU
youtube qeNL-bhdWqs
youtube CxTPR9Bz90U
youtube 4ReaQIF0qwo
youtube NM22GRJZAng
youtube AiJ5TOaUhj8
youtube KNeDm06Xb2Y
youtube lfBIYTrciHI
youtube Eek-BlAsA3o
youtube _hhMmU2wJqg
youtube 4Q0KAxoxMPo
youtube -D54ksTbwDQ
youtube MH0m5ktDJvU
youtube avgRx29hT00
youtube 0SsEeLvygoU
youtube 1BZynkwnqHs
youtube xzLF_8_3smU
youtube -AcKauPU-nQ
youtube O_ANlXoO0gc
youtube 5PS9QWZVMyE
youtube BRw-2eePaCA
youtube Wf0dI2AORUw
youtube 4BW_J7reuv4
youtube SqUBluGgUHY
youtube LPGTrcfS6pQ
youtube bvx8Qyx5Wx8
youtube DxJil2E-gjA
youtube LeDGZ7M20i0
youtube raF3vcaNpGE
youtube 3cJmYeM_ch0
youtube Oh-9T63out0
youtube rsTRGYfTUDM
youtube 06_2qMu8_l8
youtube 1xzq0j3aa04
youtube 6p9wM6l60_8
youtube _t-qOEqmmrw
youtube qwAl5JDjxFk
youtube lDzg-vh_SZI
youtube LANeLXp4O48
youtube MdFG5Zf2zs4
youtube HSP9agqVTC8
youtube SBFwZ523E_s
youtube rPARe20WOIs
youtube Xp2WLEyQQxA
youtube Q8zsjYKB1O0
youtube iaL3uH8UKQo
youtube gt5-8EUd_LU
youtube 2yQwAkxpFZY
youtube dhBf4Cas0TU
youtube LCViLW5YmYs
youtube xXqL0wnewpc
youtube f9z3Ply9mVY
youtube R0rPSDCy2No
youtube 6UVS_GOnh4g
youtube FKO8OTXEIAk
youtube Ic0_SRCtDNY
youtube r8_iETAHKts
youtube 6A4F5V6Hsgk
youtube -4YjORT2bC4
youtube s73_FVkjzXQ
youtube YnCVA3NgfLY
youtube 44CSxiKCt8c
youtube b9o_o76fc4w
youtube A3saRiNgXdg
youtube qg_SrC2mb8I
youtube FvUHkqn9S0M
youtube 4T1T5xAj5FA
youtube IOj9Q4peDTs
youtube wNYk3VMeU8Q
youtube SZY3dxnUuCo
youtube NH9ejQ44ncY
youtube WPzlNqfqNSo
youtube g56vLSpoIKo
youtube 5FReVvxJeBI
youtube MPWwQXFkLXs
youtube Ydodl-fPb0o
youtube AyQJoiqB_Ss
youtube 7aDStkGJeOU
youtube 2opXmCfyNwE
youtube l8ru9Pjr7gU
youtube aAhX4OtTOrU
youtube 228-nx2UX-w
youtube Ug_Q5VIO4co
youtube oSmFOniAunE
youtube IgQwxiuHtuE
youtube qtom_T9-g08
youtube vNLVauN5Ips
youtube EUvD1uyNRsY
youtube DsuopleYZTQ
youtube RLvg0KnTKhU
youtube 9jajnWrwHzA
youtube QNrAVpTXc54
youtube EYFlulwFbdM
youtube E5ZtvROhFUY
youtube OszQsnBAFH4
youtube U0KkrTCB2Yg
youtube VV0-q9E5usk
youtube T00a5m7q24Y
youtube 7PVdRc6MfdE
youtube CQeLXumqG30
youtube lebSWo2yhoI
youtube BzDS23AnTGw
youtube EClai-gKG90
youtube vgypkV0ahIM
youtube Uq02gT53TfQ
youtube ZQ8SbMRNock
youtube f2M8fil8NG0
youtube VUTrBmnMHas
youtube psOKt2mLKhY
youtube kOKtf1L87g4
youtube qDt-LK0sNRo
youtube -BYuzs3l2g8
youtube aQbep5FATjo
youtube sv_SCeNcW4s
youtube tZ7jAqDr53g
youtube 5WWodojikgg
youtube KrzXGJIi3n4
youtube Jch4ddRv_X8
youtube hOOpYjzaqFU
youtube UUD86x_scDY
youtube oISpU562mpo
youtube jTyOooxAT-k
youtube Ya5PFIRHKcU
youtube nYQM4OKUB0g
youtube cba-GyT5nGo
youtube HouxP9hS5Tw
youtube KzoKHPXwnHE
youtube pdXd3WQkadA
youtube EHPUB7BoY1Y
youtube kIr9kurGl_E
youtube 6inFAqXH6Jw
youtube VrhlqhaWa9E
youtube dK7_ay7TZuY
youtube 68YARiB7i78
youtube bLqW4JFCWAs
youtube Cl7OK5JZsNE
youtube NsnvY8yfkMY
youtube z9CGBrVQb-w
youtube okMcDVgPrHU
youtube ihitGTHeGqY
youtube aOKXxIojT4o
youtube 4gOpGjd9s9I
youtube 4BYQjTEyK4k
youtube Y3ytGZlcH3w
youtube Fl2PFQF1_Fs
youtube sX5dJHdFLP8
youtube Aq9yN9zyKss
youtube w1Mo6-Lx9O8
youtube TBHNBJ8TjyI
youtube H0L6EhiUXyE
youtube I6_RrFN0WdU
youtube Fvo7xtxGAzY
youtube nGjN431iUBM
youtube -7w1StYRvGY
youtube EIAJ_GJ79HU
youtube uvkDZJu0dWM
youtube cD8BeTn2R_E
youtube HBHkfcchN9Q
youtube Izo4HqL9dTI
youtube BvwL7ZBJqmo
youtube dbA_W8Wkztg
youtube BygCVecbmlc
youtube C0QifNq6ECM
youtube t7oCTjP8lIU
youtube vXexvl7fdzI
youtube -wJeaFMnoKI
youtube KW5dWiBNC_g
youtube CtwC6GSzA5U
youtube 7Byw6Nxdaow
youtube MBqbZFIzh-c
youtube 92jr9s22u0o
youtube ZydThn8v1hQ
youtube OlO36incqiQ
youtube 22sF0YJyU1U
youtube CI9xwg7t0-Y
youtube PBYcIouugUU
youtube VDKXle0mgBE
youtube 4HaH0HTL6ys
youtube vtGfLbA_ke0
youtube rV2LDA4i4dQ
youtube T66j5dsHgw0
youtube SoO8zsa7oJo
youtube 50IEBW1mjK4
youtube PxBxrFrobiE
youtube Q2RHwTad-rg
youtube lIg87db0SUQ
youtube 3VzIjcXgHfA
youtube hbxkilTrqEY
youtube rg4iqUgnSaU
youtube l6PHpCrLDtA
youtube bRr7UuzlnPc
youtube Ged6l0cZte0
youtube OBsX9R5FKOo
youtube -PvV9_hErpo
youtube RQguUmdsnm8
youtube NRwec1dXRtE
youtube p5j8ZNOTWyo
youtube ZxB7qHXOBQg
youtube gwesXzH4s3Y
youtube qCuQqTiJbZE
youtube SV6RVmgd7JE
youtube nFxNtc7p5sg
youtube ZvSdjO0QOYk
youtube 5G5asI-DyS0
youtube GHFDOk6Iyi0
youtube VOlbT7N-QsE
youtube MmLAWy139wY
youtube De0ziAiJuUs
youtube ShlZ1SvpMQk
youtube rD6IsvD_41U
youtube fKSNWa5KW4w
youtube kPZyOUoI_jQ
youtube t2IUIciqfHc
youtube BGiv4CVXnEk
youtube 4dLFMLypDsM
youtube UvaWmC-DwsU
youtube DZb-E8KeCC4
youtube tUJZELweQMY
youtube xuEgd7xattA
youtube -knCYzMqvsw
youtube VmmELyBwTO4
youtube rTq4fRkrJy0
youtube VMlJrJKeK4w
youtube Eo_XugJseOk
youtube Bps_o1kXYx0
youtube YnFQNPBkChk
youtube TYNf6XbaW4s
youtube raoOBmcyZFI
youtube PFq1rgSVSIE
youtube fwQlmtk0PrI
youtube jzvIRxHZHWA
youtube FslMlgXMW3g
youtube KBAi9Z_v7ow
youtube 9XOhal96o4Q
youtube h-bYv2GrZyE
youtube eCwgicpZj-k
youtube agmWVv9akK0
youtube nCGfWLhFVCs
youtube 82-tRtCUTb8
youtube 1rhCBAwsDJU
youtube JUnBTle2ubU
youtube id0oQR5xVo4
youtube s2ljU7YFRtU
youtube LSPKZ4LrciM
youtube pQT5oDJZhzg
youtube dNbUjK1I_ts
youtube LjweVZ2F_Mo
youtube t9CEt3lzdPk
youtube lhFDkyiDb1o
youtube z15o3vvRlMg
youtube uAQP2cdANgI
youtube E1VcistEC9M
youtube NKpmic4n6ow
youtube Wp6Ao2jkDEI
youtube UEXIMft3kaM
youtube kdE2ChZw1UM
youtube QN77KYH633U
youtube jiwMwHRZexw
youtube e3VPKMp4fwM
youtube 1-84Yt2prRI
youtube 0mQAjptqIr0
youtube UXDIZH8RiUk
youtube VMtEVOUQYxI
youtube E68adsZsMpY
youtube l85HRq1bTjA
youtube mpJHYrzSvjw
youtube 8ZyauWRsuGI
youtube YXfXxXHb0zk
youtube g22SOG8J5Os
youtube wGX79hxiBt8
youtube ex8DBvkoj_Y
youtube IYLGEXGsnJU
youtube CTlY-GzFZ1w
youtube 4Dv9IWEaS5I
youtube V8p4VAeheSg
youtube __dy_CPtSGM
youtube wGi0rrxS7LM
youtube 6qfvPERrysM
youtube TLKbCpkbLnQ
youtube kzoT1BdbeXQ
youtube ePDuCcNXspA
youtube vZIUbR96d8U
youtube GLCogGcUO0I
youtube n78jV8fg38U
youtube sph5Yk1uy-s
youtube Vz6IQCgCl2c
youtube KQZg3d-5sUs
youtube 7HYOzFDdcQY
youtube d4naKkxiL5w
youtube zFtzoOgu4O0
youtube 71NawzMQ4wA
youtube DunhPc824Zg
youtube QiDOSKqMOZE
youtube _09cWZIbZCc
youtube wPvJKVu5eSE
youtube iP8PEnZhVxM
youtube fqtFk-k8tHo
youtube RltUX26Z-JQ
youtube TJMGdwL0yBI
youtube HS1depyuimY
youtube GfgMq3L6Gl0
youtube N19M-51NVqk
youtube dDgM8MBnF8Q
youtube wSk8in0JbFs
youtube WwdhUwr8q1A
youtube E3eB2zLSFwU
youtube a3nYLJVqNPw
youtube jZm2rVa8kxU
youtube bz0Sr5WMLxU
youtube 0jRWM0LSjLY
youtube 625dwv-_V24
youtube YDlHRIDa7fw
youtube 6qE1zTFAg5A
youtube 3JcO_xuZQgY
youtube Bg0PQP7694Y
youtube K63aTuSlAPo
youtube ZXJeYVeCjSo
youtube i50j8zXGrLg
youtube 61o0VeE9MM0
youtube LhI4ac_9Lg0
youtube _aKZ-DykKDs
youtube 7ICnrr583rU
youtube Bn_Gu8UOnvg
youtube fz00WTurkFk
youtube UVt7t5tLQAA
youtube Ljd0EL88bLk
youtube s6P2aLman8s
youtube a47K_41SX8I
youtube FoEU8GxPFUw
youtube wtRMbuGpJnM
youtube aKW2qoHNS8s
youtube DuAkr2Qe_wY
youtube rJnj0Qg1mmE
youtube tuww6F07s68
youtube GwwtklieGgw
youtube NXl18ZCZHPc
youtube HKDHuxe0hME
youtube KL407cYBEts
youtube FIikZREQ5jY
youtube OuBoAr-6Nbk
youtube prFLBIqUqIg
youtube rBSXee-DVf0
youtube xU6nA6_XS6Q
youtube KR_t3ZoQvT4
youtube tQXHmxVCGQg
youtube p6jnrh3bgLU
youtube 4GWkvm15Bs8
youtube gksIcdUg9eQ
youtube Iqv6X3SzqhY
youtube 63pY5WjDXHU
youtube vvdkiBm4l3M
youtube gs0SI7zchBk
youtube SJR7CMB_7SU
youtube JgNKsAzb9-I
youtube ubYW7GlFAgw
youtube M5ztIGwJcss
youtube 6xb5Juf7Cbk
youtube sk7PJKTIoJg
youtube -lbN79L2-9E
youtube EX_RY1362wo
youtube VjbmibnW3jo
youtube 2XA9Nh7CehQ
youtube FPlMvn87Cks
youtube 1fc-flfkf1E
youtube Mq-FErrVZPk
youtube 66o4VzwjtNs
youtube k0bIFylDziA
youtube sjG4pPhLves
youtube Ldcay163iV8
youtube ey64FSZG6gM
youtube 6GLzoOB2CQE
youtube T0UpdIfRlbM
youtube a8R1qStsM5Y
youtube J2B68jZHKEg
youtube xPJ7ul_p1CM
youtube 6T3bJf5eYBM
youtube livf4EWGU8o
youtube EHNPoshuep4
youtube TmOwxK6Tid4
youtube lip1lx89Ss8
youtube pbIf6qmvc_o
youtube eP8UAwP0_dY
youtube WnkSFXnlwVU
youtube l0yi-qABCok
youtube g5LnN1K542w
youtube 9apJosTaVpc
youtube t8xCgEdT0Fk
youtube 8tVZyLTzxD4
youtube nCcJGoGaQpo
youtube ssZiAK1RqDo
youtube 149KfsYwlJI
youtube hJUyrJMeQm0
youtube xQ6rwHSC1gw
youtube ZqUmCfcfIh4
youtube hEljPlnXfPk
youtube zAr-ax5Y6HQ
youtube 429FJh098Eo
youtube HNwWsgIVPy4
youtube tl3Dj2EDMj0
youtube LNlItYEG0JM
youtube 7lIGNLJRjSg
youtube v6_eXWgj63M
youtube 6K8IoVDsZsE
youtube 2MYjwNhXf2I
youtube J40UrmlYooI
youtube uBhYg2b8KCY
youtube IUjB11n2C2g
youtube WCt1mQDAgp8
youtube M3r56n6rZcg
youtube KsZwGy9NWpU
youtube nICKJRVC9c4
youtube ZS5Hrym0CCU
youtube mKnt2gxDsAI
youtube 73IluTdh_yA
youtube VQRPfjvyVVs
youtube XLGLtEYd7Qw
youtube c7OP5y19lY8
youtube utcpO5Pymuw
youtube 9B-ui5tQUs0
youtube E-IlrORMJxA
youtube vIprCMgCqyw
youtube sBSvlCJWMpk
youtube dnWwQStkIiY
youtube k5EkP4iwLo4
youtube tfGhv7PkxuE
youtube RfVqhcrH5fo
youtube D4AqI2jJfbY
youtube 1i9kB1GG0yM
youtube hEXRxDvr8yc
youtube kaKT5_eSk_o
youtube 93x9a684j7w
youtube C-uyqwLO0so
youtube cGS16jXMJsQ
youtube zJy6tQAhuC8
youtube G2nQ7HdX-Uo
youtube K0DPVM5Pblg
youtube aCOpyhhxBvs
youtube iCSi-3EeFvM
youtube 0ngAoIk9S2c
youtube r_bUiMm_Tv8
youtube u8EM96M6LxM
youtube v0mz0p6g3a0
youtube 7ckXtIqoheg
youtube kxSevtDtbDU
youtube 8VKQ9HPNTYs
youtube 275Pw5GLkMc
youtube wPf4lMLe4X4
youtube viV_CwOEfxc
youtube 4TZPKGhYFc4
youtube Snrbkrbaijc
youtube FTpZ7clbJN0
youtube rkDq4xHMOMg
youtube X47uLOypS0g
youtube I8UCNVwbVgw
youtube om-AeBTqJlw
youtube EIijMoGZGCM
youtube 0Xb0cl2M_PQ
youtube vp69Er2Qz9o
youtube gsUe-DqgUMI
youtube qHqjnv1ioOo
youtube H3EN-Q5yFHE
youtube UMsupa62TWg
youtube 8Ab02fbqoGA
youtube RffRwB0E2c4
youtube bGZXbqq7RC8
youtube BqpQ2U23ufQ
youtube wn3vnbWoI0k
youtube 1Q59odvoTCs
youtube _8xo3uaG-zM
youtube uUJL1UnPlgE
youtube 9XZkw1aXb3Y
youtube naG9cs5UeiA
youtube tKVlfpI0EGU
youtube ESCqbTQm82w
youtube 0F_udL5V_xU
youtube ZIahcpATWZo
youtube Pm6qUSoIkVE
youtube tMCic5YAS3U
youtube GlY9PGuMquY
youtube 6gvG5RHaJFI
youtube 73yRBGO7v-A
youtube h_Hecs7fSQU
youtube Mlvgtd1Ve-M
youtube otWuGJ7fO74
youtube CesPpcIb7_k
youtube PqxvrHtqnAI
youtube FQ4iOm2O_-0
youtube e09Y_9BJk6U
youtube vhY9iUh5un8
youtube NOhQIrOaF7w
youtube -trJaaYpRnQ
youtube mWYeb-WCYr0
youtube wTYfAn_Kv9E
youtube Ts_oZmo0Y2E
youtube WnWJn9q_fw0
youtube GFCClxPFn20
youtube lw54_k-2Ulk
youtube uR81A9x8ONE
youtube LYHNyVK2F7Y
youtube 3wK3vMOYDpE
youtube XBFI3icOpy8
youtube kkOGzx4Xv84
youtube QVILKo4Uq-I
youtube K4y6nus8F6I
youtube boBd11gkg_g
youtube 5uNgp91lPWY
youtube NH_mxi38nNE
youtube C0snxF7szNg
youtube 7NyJY5XjaTY
youtube fgAi_vlhe1k
youtube qwQ56r0RmsQ
youtube whVZTDjGh_U
youtube U948LY7qIOM
youtube x8OsrGer8Zo
youtube xQjEr7awNaE
youtube A6VgurvkUf8
youtube E6FKrUpNvZA
youtube ahl8_5fCH64
youtube B0zb2nHA8gQ
youtube q-6vRi4FoRY
youtube XdtPviKIJ6U
youtube _BjeXwWx9R0
youtube 7rFBAyOKWJo
youtube YwuwWRJjO5M
youtube 7bgAcIyrJT0
youtube 8WH9skjbF0U
youtube s6r-46z8OOU
youtube Cji0iZlTqX8
youtube W20kinFOcKw
youtube XCNqvZgUvfU
youtube y1SAs4jo-nU
youtube u88AtQIe4Bc
youtube 5t5IfIQeJJ0
youtube WIB730w2dNM
youtube ml4C7VRPhZ0
youtube we8br8CQSfw
youtube FL19R7NPezU
youtube RuO_-jX7Uwg
youtube 5dn_G5tLO0w
youtube k_cz-0wPigc
youtube bFDGJ-QPXug
youtube ay0zHSz3CrE
youtube Jaaq8M6OeKg
youtube wylyeAO_ca0
youtube 0P-sljczfIc
youtube LULzaQpLdN8
youtube Y4untYS4Zr8
youtube OxB7zgYVSPg
youtube _ZWC7bTepX8
youtube dFk-8t6uY04
youtube IMy4SNe3O1Y
youtube nPJVAyRraWw
youtube wuO4tKKS-98
youtube K8n6UHAGa2k
youtube z2gCGcOSBqk
youtube nNtAxLuHKW8
youtube ZmtrWzPcMTA
youtube 5U8UriH03Ek
youtube 8ldFiWfni1Q
youtube b07ltc0Vq4U
youtube uTdQGi2XrDg
youtube _LIOibQASkc
youtube V1pRbJsEoxE
youtube WXXtlMa9Q4o
youtube wNR3ucnigyI
youtube T0pDW7TPtE8
youtube Xgjl07dQ_6U
youtube tPMU_awCDrM
youtube 7yHtTk3gmuY
youtube 8guyqwYc8uk
youtube 01GTFAIimvc
youtube mea3ETzFO7U
youtube oPQHj3utwvk
youtube hUwDSPnpCnE
youtube se-5R_Gp5x8
youtube rLWjiy37EAo
youtube A5BnR16_GIQ
youtube 7Hlb5OK1WS8
youtube hezenwjYY4I
youtube anw-X4fB-Qk
youtube YTivRiNcf94
youtube 6Gj3Sym6Cic
youtube zBROjp3lvOY
youtube cdv_s_4taDY
youtube M_WvJu4ms14
youtube dHX1Tkmcmz0
youtube rt5D4OODII0
youtube tBgL4ivbar8
youtube Td2qvunF-TQ
youtube 1FI5XkFbtTk
youtube zkVUB01FvD8
youtube 3fuSXGn2ouU
youtube zFr7VfdLjkY
youtube Zno4T-4oQ0s
youtube Oq9hJ_CgbAI
youtube l84ZMgwXRS4
youtube TUdvvaMIqOE
youtube OhSHocZnqmg
youtube TwHm_3-muPU
youtube w94MlYVi2VM
youtube dVVnNvXr4zw
youtube WkO2-GFxRts
youtube AYkMelYX6GU
youtube KqT3myPtjwI
youtube tdWzflWOJh0
youtube M4kwxnF6Ubg
youtube aSWhuZobhys
youtube eScu4uVGDdQ
youtube habdzUOjpiY
youtube L95NvCD2aTo
youtube Web3_IwJfbY
youtube 5WTIVZ19WWU
youtube 52dj1xxv3xU
youtube T8EngqULUtA
youtube AO3t44mycz4
youtube 9QCrWm7bDWo
youtube 90PEhYXH0FY
youtube DaSzXaF4eqA
youtube XPVMe89XR24
youtube e3A6E345cMs
youtube 6DM9KSNTPHA
youtube m9kHpQu1bEQ
youtube mZ5w34zW6Qw
youtube 098i3tfSQJw
youtube i3yT6n3V06I
youtube ywWUbPWhU7A
youtube 9PSH-QyDwp4
youtube f3VvracsqOs
youtube GliHp_V9uOY
youtube ztfM_iFTBEE
youtube A3QaUAAOhtY
youtube QJYmNcRrEQ4
youtube YVcD68Y4u3I
youtube cABjo1jTcPY
youtube dh_8y6zZObA
youtube W3K-h_vfCjI
youtube Qc3dLmHNMLk
youtube D8pR4N8Qi2Y
youtube nzTRZzHi0Rs
youtube nfOR9zzJaVI
youtube E4xGlOCqVsU
youtube _EO-nUlkLC0
youtube H3Kc6kud8w4
youtube mfaZXm3JZIM
youtube s0WoL7EKbcM
youtube O6UMU4gDOkM
youtube NKiOnjUpDAg
youtube evmUtahlm9U
youtube rtQ8aLczG34
youtube AgZZL4t5mXw
youtube CnQ8yavhyJM
youtube CdPQ70nz20w
youtube zhgZAiHGE88
youtube cwLGRw3E13c
youtube u6a4kAMYgUA
youtube eLNZvoio_8o
youtube AM9Usg8JP3M
youtube 62nRa3CtJJU
youtube q6forEnOnhQ
youtube s_Hmo0cVyZA
youtube xTVqbNwJHHc
youtube Dq8_vA3xC5o
youtube vcLfa7cNZrU
youtube blynMTBIi0M
youtube dM-OmPaUnns
youtube QHAEpGbCGW8
youtube uvEhF23thY8
youtube vIcWP8unVE0
youtube td4S_fx9M64
youtube U9Bi5rdfhFs
youtube iY-_rkk-lCg
youtube 4sOum2RjP_0
youtube 2pWhasO6m2I
youtube 3bldDHxGG-w
youtube B_qY9jzeY7c
youtube sJY4HSVuD8w
youtube 8npIZrGuXyw
youtube _hhG80MgQIk
youtube xt9Ah073gyw
youtube 7xz7HNXF9fU
youtube RRzlzAoZX_E
youtube 71hxBj9i35o
youtube LyD9bn5pwuM
youtube dhE-dFwhie8
youtube Ne1Cv3HEQUE
youtube TcVpEwlIjJw
youtube Lhii9KeaXj0
youtube rPJRyrVf2LE
youtube RahWYMliQoQ
youtube pGo_qKVJbds
youtube TPBtvUQbIqY
youtube HrXhOxT3gko
youtube Aneh8hAtsL4
youtube ex9fm_vKDeI
youtube w-1YOB8QZp8
youtube J1g5dP0FRaY
youtube 4fwCTjSxHSQ
youtube Y--3bUR6B0E
youtube DqDdEeLLASc
youtube aBhKI3Tg0Ck
youtube NUxFltuBa48
youtube 0WTPzyJhAeA
youtube Z9aOqhh2YAg
youtube Jx9ZjznSLaw
youtube bSJDZTSbb1s
youtube 3aPgDeNaoWk
youtube rVgul7Qo0KI
youtube cjTbnubmbbE
youtube 2Cp_na1PkBY
youtube AEQkxfOUwN8
youtube WxOKEXzGM1I
youtube ywI6XEqha7k
youtube brrOfDPNQ0U
youtube 8jeIlxDPT9U
youtube ZSvFUxhVG0A
youtube dwTgRwR0ef0
youtube c2cCUini5Wo
youtube s8QYcHWXiqw
youtube -3wTY_R5NF4
youtube vtk-IJzqKwo
youtube 8bR5O4OQ0mI
youtube 57nGkkDjeXc
youtube nZMF4Fwk33k
youtube JBqDpCp3PjQ
youtube gn9KMMx6zUg
youtube PP8JfmhThNU
youtube 2RQAY2UtrtI
youtube Sce9EmvBGgo
youtube ezGKGI1BAnk
youtube JNIbERmSTUg
youtube S97_vIWLiwA
youtube dw1kcf4aP6g
youtube xcdtt2N6X00
youtube iixcReRzChQ
youtube KKtVPxVaAdg
youtube RQQXw6Dvt9I
youtube Zs42IaViBmg
youtube 7q87ZCVcLhw
youtube uVxp88fcXYg
youtube 3nEGCH78BfY
youtube wj3r1rxTZ1I
youtube xHW3JZjR2-4
youtube 6yatIIXprMU
youtube fa5WRIYisLw
youtube wqfJnGNkFok
youtube hPL6DEh4S50
youtube IprU-Q6zz9E
youtube JsbBdXK9FXI
youtube PtuATM1v8Gw
youtube 9pe3MuWX9bg
youtube WXbSqC-CA7U
youtube IscAq-6haEY
youtube jz6bvuhh76g
youtube elgoLYS687w
youtube pQJlllHov3c
youtube oDQCrGmLTkI
youtube T16oju3zbZg
youtube z0wWPJjP1vE
youtube E6fNiidz3j8
youtube h7cQx3G4Res
youtube AUrs6KCz9XQ
youtube _6uTSHGhstI
youtube vyeae2PtwMc
youtube Z4hJGAwv-xw
youtube 14Uu_-ROkUs
youtube s3yRfA7_1MU
youtube wVzDZav-DRM
youtube inOZ2KqfoNI
youtube 3jqC-2DvqKQ
youtube LtguxMDuvVU
youtube LGv6hszaVak
youtube iOx1h6eY_Bw
