Tue May  4 10:42:00 UTC 2021
##### Youtube RTHK Backup - Contributor120 #####
Number of entires in metadata archive:  17293
Number of files confirmed backed up:  1266

Tue May  4 11:38:36 UTC 2021
##### Youtube RTHK Backup - Contributor120 #####
Number of entires in metadata archive:  17293
Number of files confirmed backed up:  1267

Tue May  4 11:40:38 UTC 2021
##### Youtube RTHK Backup - Contributor120 #####
Number of entires in metadata archive:  17293
Number of files confirmed backed up:  1267

Tue May  4 11:41:09 UTC 2021
##### Youtube RTHK Backup - Contributor120 #####
Number of entires in metadata archive:  17293
Number of files confirmed backed up:  1267

Tue May  4 12:15:01 UTC 2021
##### Youtube RTHK Backup - Contributor120 #####
Number of entires in metadata archive:  17293
Number of files confirmed backed up:  1267

Tue May  4 13:15:01 UTC 2021
##### Youtube RTHK Backup - Contributor120 #####
Number of entires in metadata archive:  17293
Number of files confirmed backed up:  1268

Tue May  4 13:44:02 UTC 2021

Tue May  4 13:44:40 UTC 2021
##### Youtube RTHK Backup - Contributor120 #####
Number of entires in metadata archive:  17293
Number of files confirmed backed up:  1271

Tue May  4 14:15:01 UTC 2021
##### Youtube RTHK Backup - Contributor120 #####
Number of entires in metadata archive:  17293
Number of files confirmed backed up:  1271

Tue May  4 15:15:01 UTC 2021
##### Youtube RTHK Backup - Contributor120 #####
Number of entires in metadata archive:  17293
Number of files confirmed backed up:  1271

Tue May  4 16:15:01 UTC 2021
##### Youtube RTHK Backup - Contributor120 #####
Number of entires in metadata archive:  17293
Number of files confirmed backed up:  1271

Tue May  4 17:15:01 UTC 2021
##### Youtube RTHK Backup - Contributor120 #####
Number of entires in metadata archive:  17293
Number of files confirmed backed up:  1271

Tue May  4 17:25:01 UTC 2021
##### Youtube RTHK Backup - Contributor120 #####
Number of entires in metadata archive:  17293
Number of files confirmed backed up:  1271

Tue May  4 17:30:01 UTC 2021
##### Youtube RTHK Backup - Contributor120 #####
Number of entires in metadata archive:  17293
Number of files confirmed backed up:  1271

Tue May  4 17:35:01 UTC 2021
##### Youtube RTHK Backup - Contributor120 #####
Number of entires in metadata archive:  17293
Number of files confirmed backed up:  1271

Tue May  4 17:40:01 UTC 2021
##### Youtube RTHK Backup - Contributor120 #####
Number of entires in metadata archive:  17293
Number of files confirmed backed up:  1271

Tue May  4 17:45:01 UTC 2021
##### Youtube RTHK Backup - Contributor120 #####
Number of entires in metadata archive:  17293
Number of files confirmed backed up:  1272

Tue May  4 17:50:01 UTC 2021
##### Youtube RTHK Backup - Contributor120 #####
Number of entires in metadata archive:  17293
Number of files confirmed backed up:  1276

Tue May  4 17:55:01 UTC 2021
##### Youtube RTHK Backup - Contributor120 #####
Number of entires in metadata archive:  17293
Number of files confirmed backed up:  1276

Tue May  4 18:00:01 UTC 2021
##### Youtube RTHK Backup - Contributor120 #####
Number of entires in metadata archive:  17293
Number of files confirmed backed up:  1276

Tue May  4 18:05:01 UTC 2021
##### Youtube RTHK Backup - Contributor120 #####
Number of entires in metadata archive:  17293
Number of files confirmed backed up:  1276

Tue May  4 18:10:01 UTC 2021
##### Youtube RTHK Backup - Contributor120 #####
Number of entires in metadata archive:  17293
Number of files confirmed backed up:  1276

Tue May  4 18:15:01 UTC 2021
##### Youtube RTHK Backup - Contributor120 #####
Number of entires in metadata archive:  17293
Number of files confirmed backed up:  1276

Tue May  4 18:20:01 UTC 2021
##### Youtube RTHK Backup - Contributor120 #####
Number of entires in metadata archive:  17293
Number of files confirmed backed up:  1276

Tue May  4 18:25:01 UTC 2021
##### Youtube RTHK Backup - Contributor120 #####
Number of entires in metadata archive:  17293
Number of files confirmed backed up:  1276

Tue May  4 18:30:01 UTC 2021
##### Youtube RTHK Backup - Contributor120 #####
Number of entires in metadata archive:  17293
Number of files confirmed backed up:  1276

Tue May  4 18:35:01 UTC 2021
##### Youtube RTHK Backup - Contributor120 #####
Number of entires in metadata archive:  17293
Number of files confirmed backed up:  1276

Tue May  4 18:40:01 UTC 2021
##### Youtube RTHK Backup - Contributor120 #####
Number of entires in metadata archive:  17293
Number of files confirmed backed up:  1276

Tue May  4 18:45:01 UTC 2021
##### Youtube RTHK Backup - Contributor120 #####
Number of entires in metadata archive:  17293
Number of files confirmed backed up:  1276

Tue May  4 18:50:01 UTC 2021
##### Youtube RTHK Backup - Contributor120 #####
Number of entires in metadata archive:  17293
Number of files confirmed backed up:  1276

Tue May  4 18:55:01 UTC 2021
##### Youtube RTHK Backup - Contributor120 #####
Number of entires in metadata archive:  17293
Number of files confirmed backed up:  1276

Tue May  4 19:00:01 UTC 2021
##### Youtube RTHK Backup - Contributor120 #####
Number of entires in metadata archive:  17293
Number of files confirmed backed up:  1276

Tue May  4 19:05:01 UTC 2021
##### Youtube RTHK Backup - Contributor120 #####
Number of entires in metadata archive:  17293
Number of files confirmed backed up:  1276

Tue May  4 19:10:01 UTC 2021
##### Youtube RTHK Backup - Contributor120 #####
Number of entires in metadata archive:  17293
Number of files confirmed backed up:  1276

Tue May  4 19:15:02 UTC 2021
##### Youtube RTHK Backup - Contributor120 #####
Number of entires in metadata archive:  17293
Number of files confirmed backed up:  1276

Tue May  4 19:20:01 UTC 2021
##### Youtube RTHK Backup - Contributor120 #####
Number of entires in metadata archive:  17293
Number of files confirmed backed up:  1276

Tue May  4 19:25:01 UTC 2021
##### Youtube RTHK Backup - Contributor120 #####
Number of entires in metadata archive:  17293
Number of files confirmed backed up:  1276

Tue May  4 19:30:01 UTC 2021
##### Youtube RTHK Backup - Contributor120 #####
Number of entires in metadata archive:  17293
Number of files confirmed backed up:  1276

Tue May  4 19:35:01 UTC 2021
##### Youtube RTHK Backup - Contributor120 #####
Number of entires in metadata archive:  17293
Number of files confirmed backed up:  1276

Tue May  4 19:40:01 UTC 2021
##### Youtube RTHK Backup - Contributor120 #####
Number of entires in metadata archive:  17293
Number of files confirmed backed up:  1276

Tue May  4 19:45:01 UTC 2021
##### Youtube RTHK Backup - Contributor120 #####
Number of entires in metadata archive:  17293
Number of files confirmed backed up:  1276

Tue May  4 19:50:01 UTC 2021
##### Youtube RTHK Backup - Contributor120 #####
Number of entires in metadata archive:  17293
Number of files confirmed backed up:  1276

Tue May  4 19:55:01 UTC 2021
##### Youtube RTHK Backup - Contributor120 #####
Number of entires in metadata archive:  17293
Number of files confirmed backed up:  1276

Tue May  4 20:00:01 UTC 2021
##### Youtube RTHK Backup - Contributor120 #####
Number of entires in metadata archive:  17293
Number of files confirmed backed up:  1276

Tue May  4 20:05:01 UTC 2021
##### Youtube RTHK Backup - Contributor120 #####
Number of entires in metadata archive:  17293
Number of files confirmed backed up:  1276

Tue May  4 20:10:01 UTC 2021
##### Youtube RTHK Backup - Contributor120 #####
Number of entires in metadata archive:  17293
Number of files confirmed backed up:  1276

Tue May  4 20:15:01 UTC 2021
##### Youtube RTHK Backup - Contributor120 #####
Number of entires in metadata archive:  17293
Number of files confirmed backed up:  1276

Tue May  4 20:20:01 UTC 2021
##### Youtube RTHK Backup - Contributor120 #####
Number of entires in metadata archive:  17293
Number of files confirmed backed up:  1276

Tue May  4 20:25:01 UTC 2021
##### Youtube RTHK Backup - Contributor120 #####
Number of entires in metadata archive:  17293
Number of files confirmed backed up:  1276

Tue May  4 20:30:01 UTC 2021
##### Youtube RTHK Backup - Contributor120 #####
Number of entires in metadata archive:  17293
Number of files confirmed backed up:  1276

Tue May  4 20:35:01 UTC 2021
##### Youtube RTHK Backup - Contributor120 #####
Number of entires in metadata archive:  17293
Number of files confirmed backed up:  1276

Tue May  4 20:40:01 UTC 2021
##### Youtube RTHK Backup - Contributor120 #####
Number of entires in metadata archive:  17293
Number of files confirmed backed up:  1276

Tue May  4 20:45:01 UTC 2021
##### Youtube RTHK Backup - Contributor120 #####
Number of entires in metadata archive:  17293
Number of files confirmed backed up:  1276

Tue May  4 20:50:01 UTC 2021
##### Youtube RTHK Backup - Contributor120 #####
Number of entires in metadata archive:  17293
Number of files confirmed backed up:  1276

Tue May  4 20:55:01 UTC 2021
##### Youtube RTHK Backup - Contributor120 #####
Number of entires in metadata archive:  17293
Number of files confirmed backed up:  1276

Tue May  4 21:00:01 UTC 2021
##### Youtube RTHK Backup - Contributor120 #####
Number of entires in metadata archive:  17293
Number of files confirmed backed up:  1276

Tue May  4 21:05:01 UTC 2021
##### Youtube RTHK Backup - Contributor120 #####
Number of entires in metadata archive:  17293
Number of files confirmed backed up:  1276

Tue May  4 21:10:01 UTC 2021
##### Youtube RTHK Backup - Contributor120 #####
Number of entires in metadata archive:  17293
Number of files confirmed backed up:  1276

Tue May  4 21:15:01 UTC 2021
##### Youtube RTHK Backup - Contributor120 #####
Number of entires in metadata archive:  17293
Number of files confirmed backed up:  1276

Tue May  4 21:20:01 UTC 2021
##### Youtube RTHK Backup - Contributor120 #####
Number of entires in metadata archive:  17293
Number of files confirmed backed up:  1276

Tue May  4 21:25:01 UTC 2021
##### Youtube RTHK Backup - Contributor120 #####
Number of entires in metadata archive:  17293
Number of files confirmed backed up:  1276

Tue May  4 21:30:01 UTC 2021
##### Youtube RTHK Backup - Contributor120 #####
Number of entires in metadata archive:  17293
Number of files confirmed backed up:  1276

Tue May  4 21:35:01 UTC 2021
##### Youtube RTHK Backup - Contributor120 #####
Number of entires in metadata archive:  17293
Number of files confirmed backed up:  1276

Tue May  4 21:40:01 UTC 2021
##### Youtube RTHK Backup - Contributor120 #####
Number of entires in metadata archive:  17293
Number of files confirmed backed up:  1276

Tue May  4 21:45:01 UTC 2021
##### Youtube RTHK Backup - Contributor120 #####
Number of entires in metadata archive:  17293
Number of files confirmed backed up:  1276

Tue May  4 21:50:01 UTC 2021
##### Youtube RTHK Backup - Contributor120 #####
Number of entires in metadata archive:  17293
Number of files confirmed backed up:  1276

Tue May  4 21:55:01 UTC 2021
##### Youtube RTHK Backup - Contributor120 #####
Number of entires in metadata archive:  17293
Number of files confirmed backed up:  1276

Tue May  4 22:00:01 UTC 2021
##### Youtube RTHK Backup - Contributor120 #####
Number of entires in metadata archive:  17293
Number of files confirmed backed up:  1276

Tue May  4 22:05:01 UTC 2021
##### Youtube RTHK Backup - Contributor120 #####
Number of entires in metadata archive:  17293
Number of files confirmed backed up:  1276

Tue May  4 22:10:01 UTC 2021
##### Youtube RTHK Backup - Contributor120 #####
Number of entires in metadata archive:  17293
Number of files confirmed backed up:  1276

Tue May  4 22:15:01 UTC 2021
##### Youtube RTHK Backup - Contributor120 #####
Number of entires in metadata archive:  17293
Number of files confirmed backed up:  1276

Tue May  4 22:20:01 UTC 2021
##### Youtube RTHK Backup - Contributor120 #####
Number of entires in metadata archive:  17293
Number of files confirmed backed up:  1276

Tue May  4 22:25:01 UTC 2021
##### Youtube RTHK Backup - Contributor120 #####
Number of entires in metadata archive:  17293
Number of files confirmed backed up:  1276

Tue May  4 22:30:01 UTC 2021
##### Youtube RTHK Backup - Contributor120 #####
Number of entires in metadata archive:  17293
Number of files confirmed backed up:  1276

Tue May  4 22:35:01 UTC 2021
##### Youtube RTHK Backup - Contributor120 #####
Number of entires in metadata archive:  17293
Number of files confirmed backed up:  1276

Tue May  4 22:40:01 UTC 2021
##### Youtube RTHK Backup - Contributor120 #####
Number of entires in metadata archive:  17293
Number of files confirmed backed up:  1276

Tue May  4 22:45:01 UTC 2021
##### Youtube RTHK Backup - Contributor120 #####
Number of entires in metadata archive:  17293
Number of files confirmed backed up:  1276

Tue May  4 22:50:01 UTC 2021
##### Youtube RTHK Backup - Contributor120 #####
Number of entires in metadata archive:  17293
Number of files confirmed backed up:  1276

Tue May  4 22:55:01 UTC 2021
##### Youtube RTHK Backup - Contributor120 #####
Number of entires in metadata archive:  17293
Number of files confirmed backed up:  1276

Tue May  4 23:00:01 UTC 2021
##### Youtube RTHK Backup - Contributor120 #####
Number of entires in metadata archive:  17293
Number of files confirmed backed up:  1276

Tue May  4 23:05:01 UTC 2021
##### Youtube RTHK Backup - Contributor120 #####
Number of entires in metadata archive:  17293
Number of files confirmed backed up:  1276

Tue May  4 23:10:01 UTC 2021
##### Youtube RTHK Backup - Contributor120 #####
Number of entires in metadata archive:  17293
Number of files confirmed backed up:  1276

Tue May  4 23:15:01 UTC 2021
##### Youtube RTHK Backup - Contributor120 #####
Number of entires in metadata archive:  17293
Number of files confirmed backed up:  1276

Tue May  4 23:20:01 UTC 2021
##### Youtube RTHK Backup - Contributor120 #####
Number of entires in metadata archive:  17293
Number of files confirmed backed up:  1276

Tue May  4 23:25:01 UTC 2021
##### Youtube RTHK Backup - Contributor120 #####
Number of entires in metadata archive:  17293
Number of files confirmed backed up:  1276

Tue May  4 23:30:01 UTC 2021
##### Youtube RTHK Backup - Contributor120 #####
Number of entires in metadata archive:  17293
Number of files confirmed backed up:  1276

Tue May  4 23:35:01 UTC 2021
##### Youtube RTHK Backup - Contributor120 #####
Number of entires in metadata archive:  17293
Number of files confirmed backed up:  1276

Tue May  4 23:40:01 UTC 2021
##### Youtube RTHK Backup - Contributor120 #####
Number of entires in metadata archive:  17293
Number of files confirmed backed up:  1276

Tue May  4 23:45:01 UTC 2021
##### Youtube RTHK Backup - Contributor120 #####
Number of entires in metadata archive:  17293
Number of files confirmed backed up:  1276

Tue May  4 23:50:01 UTC 2021
##### Youtube RTHK Backup - Contributor120 #####
Number of entires in metadata archive:  17293
Number of files confirmed backed up:  1276

Tue May  4 23:55:01 UTC 2021
##### Youtube RTHK Backup - Contributor120 #####
Number of entires in metadata archive:  17293
Number of files confirmed backed up:  1276

Wed May  5 00:00:01 UTC 2021
##### Youtube RTHK Backup - Contributor120 #####
Number of entires in metadata archive:  17293
Number of files confirmed backed up:  1276

Wed May  5 00:05:01 UTC 2021
##### Youtube RTHK Backup - Contributor120 #####
Number of entires in metadata archive:  17293
Number of files confirmed backed up:  1276

Wed May  5 00:10:01 UTC 2021
##### Youtube RTHK Backup - Contributor120 #####
Number of entires in metadata archive:  17293
Number of files confirmed backed up:  1276

Wed May  5 00:15:01 UTC 2021
##### Youtube RTHK Backup - Contributor120 #####
Number of entires in metadata archive:  17293
Number of files confirmed backed up:  1276

Wed May  5 00:20:01 UTC 2021
##### Youtube RTHK Backup - Contributor120 #####
Number of entires in metadata archive:  17293
Number of files confirmed backed up:  1276

Wed May  5 00:25:01 UTC 2021
##### Youtube RTHK Backup - Contributor120 #####
Number of entires in metadata archive:  17293
Number of files confirmed backed up:  1276

Wed May  5 00:30:01 UTC 2021
##### Youtube RTHK Backup - Contributor120 #####
Number of entires in metadata archive:  17293
Number of files confirmed backed up:  1276

Wed May  5 00:35:01 UTC 2021
##### Youtube RTHK Backup - Contributor120 #####
Number of entires in metadata archive:  17293
Number of files confirmed backed up:  1276

Wed May  5 00:40:01 UTC 2021
##### Youtube RTHK Backup - Contributor120 #####
Number of entires in metadata archive:  17293
Number of files confirmed backed up:  1276

Wed May  5 00:45:01 UTC 2021
##### Youtube RTHK Backup - Contributor120 #####
Number of entires in metadata archive:  17293
Number of files confirmed backed up:  1276

Wed May  5 00:50:01 UTC 2021
##### Youtube RTHK Backup - Contributor120 #####
Number of entires in metadata archive:  17293
Number of files confirmed backed up:  1276

Wed May  5 00:55:02 UTC 2021
##### Youtube RTHK Backup - Contributor120 #####
Number of entires in metadata archive:  17293
Number of files confirmed backed up:  1276

Wed May  5 01:00:01 UTC 2021
##### Youtube RTHK Backup - Contributor120 #####
Number of entires in metadata archive:  17293
Number of files confirmed backed up:  1276

Wed May  5 01:05:01 UTC 2021
##### Youtube RTHK Backup - Contributor120 #####
Number of entires in metadata archive:  17293
Number of files confirmed backed up:  1276

Wed May  5 01:10:01 UTC 2021
##### Youtube RTHK Backup - Contributor120 #####
Number of entires in metadata archive:  17293
Number of files confirmed backed up:  1276

Wed May  5 01:15:01 UTC 2021
##### Youtube RTHK Backup - Contributor120 #####
Number of entires in metadata archive:  17293
Number of files confirmed backed up:  1276

Wed May  5 01:20:01 UTC 2021
##### Youtube RTHK Backup - Contributor120 #####
Number of entires in metadata archive:  17293
Number of files confirmed backed up:  1276

Wed May  5 01:25:01 UTC 2021
##### Youtube RTHK Backup - Contributor120 #####
Number of entires in metadata archive:  17293
Number of files confirmed backed up:  1276

Wed May  5 01:30:01 UTC 2021
##### Youtube RTHK Backup - Contributor120 #####
Number of entires in metadata archive:  17293
Number of files confirmed backed up:  1276

Wed May  5 01:35:01 UTC 2021
##### Youtube RTHK Backup - Contributor120 #####
Number of entires in metadata archive:  17293
Number of files confirmed backed up:  1276

Wed May  5 01:40:01 UTC 2021
##### Youtube RTHK Backup - Contributor120 #####
Number of entires in metadata archive:  17293
Number of files confirmed backed up:  1276

Wed May  5 01:45:01 UTC 2021
##### Youtube RTHK Backup - Contributor120 #####
Number of entires in metadata archive:  17293
Number of files confirmed backed up:  1276

Wed May  5 01:50:01 UTC 2021
##### Youtube RTHK Backup - Contributor120 #####
Number of entires in metadata archive:  17293
Number of files confirmed backed up:  1276

Wed May  5 01:55:01 UTC 2021
##### Youtube RTHK Backup - Contributor120 #####
Number of entires in metadata archive:  17293
Number of files confirmed backed up:  1276

Wed May  5 02:00:01 UTC 2021
##### Youtube RTHK Backup - Contributor120 #####
Number of entires in metadata archive:  17293
Number of files confirmed backed up:  1276

Wed May  5 02:05:01 UTC 2021
##### Youtube RTHK Backup - Contributor120 #####
Number of entires in metadata archive:  17293
Number of files confirmed backed up:  1276

Wed May  5 02:10:01 UTC 2021
##### Youtube RTHK Backup - Contributor120 #####
Number of entires in metadata archive:  17293
Number of files confirmed backed up:  1276

Wed May  5 02:15:01 UTC 2021
##### Youtube RTHK Backup - Contributor120 #####
Number of entires in metadata archive:  17293
Number of files confirmed backed up:  1276

Wed May  5 02:20:01 UTC 2021
##### Youtube RTHK Backup - Contributor120 #####
Number of entires in metadata archive:  17293
Number of files confirmed backed up:  1276

Wed May  5 02:25:01 UTC 2021
##### Youtube RTHK Backup - Contributor120 #####
Number of entires in metadata archive:  17293
Number of files confirmed backed up:  1276

Wed May  5 02:30:01 UTC 2021
##### Youtube RTHK Backup - Contributor120 #####
Number of entires in metadata archive:  17293
Number of files confirmed backed up:  1276

Wed May  5 02:35:01 UTC 2021
##### Youtube RTHK Backup - Contributor120 #####
Number of entires in metadata archive:  17293
Number of files confirmed backed up:  1276

Wed May  5 02:40:01 UTC 2021
##### Youtube RTHK Backup - Contributor120 #####
Number of entires in metadata archive:  17293
Number of files confirmed backed up:  1276

Wed May  5 02:45:01 UTC 2021
##### Youtube RTHK Backup - Contributor120 #####
Number of entires in metadata archive:  17293
Number of files confirmed backed up:  1276

Wed May  5 02:50:01 UTC 2021
##### Youtube RTHK Backup - Contributor120 #####
Number of entires in metadata archive:  17293
Number of files confirmed backed up:  1276

Wed May  5 02:55:01 UTC 2021
##### Youtube RTHK Backup - Contributor120 #####
Number of entires in metadata archive:  17293
Number of files confirmed backed up:  1276

Wed May  5 03:00:01 UTC 2021
##### Youtube RTHK Backup - Contributor120 #####
Number of entires in metadata archive:  17293
Number of files confirmed backed up:  1276

Wed May  5 03:05:01 UTC 2021
##### Youtube RTHK Backup - Contributor120 #####
Number of entires in metadata archive:  17293
Number of files confirmed backed up:  1276

Wed May  5 03:10:01 UTC 2021
##### Youtube RTHK Backup - Contributor120 #####
Number of entires in metadata archive:  17293
Number of files confirmed backed up:  1276

Wed May  5 03:15:01 UTC 2021
##### Youtube RTHK Backup - Contributor120 #####
Number of entires in metadata archive:  17293
Number of files confirmed backed up:  1276

Wed May  5 03:20:01 UTC 2021
##### Youtube RTHK Backup - Contributor120 #####
Number of entires in metadata archive:  17293
Number of files confirmed backed up:  1276

Wed May  5 03:25:01 UTC 2021
##### Youtube RTHK Backup - Contributor120 #####
Number of entires in metadata archive:  17293
Number of files confirmed backed up:  1276

Wed May  5 03:30:01 UTC 2021
##### Youtube RTHK Backup - Contributor120 #####
Number of entires in metadata archive:  17293
Number of files confirmed backed up:  1276

Wed May  5 03:35:01 UTC 2021
##### Youtube RTHK Backup - Contributor120 #####
Number of entires in metadata archive:  17293
Number of files confirmed backed up:  1276

Wed May  5 03:40:01 UTC 2021
##### Youtube RTHK Backup - Contributor120 #####
Number of entires in metadata archive:  17293
Number of files confirmed backed up:  1276

Wed May  5 03:45:01 UTC 2021
##### Youtube RTHK Backup - Contributor120 #####
Number of entires in metadata archive:  17293
Number of files confirmed backed up:  1276

Wed May  5 03:50:01 UTC 2021
##### Youtube RTHK Backup - Contributor120 #####
Number of entires in metadata archive:  17293
Number of files confirmed backed up:  1276

Wed May  5 03:55:01 UTC 2021
##### Youtube RTHK Backup - Contributor120 #####
Number of entires in metadata archive:  17293
Number of files confirmed backed up:  1276

Wed May  5 04:00:01 UTC 2021
##### Youtube RTHK Backup - Contributor120 #####
Number of entires in metadata archive:  17293
Number of files confirmed backed up:  1276

Wed May  5 04:05:01 UTC 2021
##### Youtube RTHK Backup - Contributor120 #####
Number of entires in metadata archive:  17293
Number of files confirmed backed up:  1276

Wed May  5 04:10:01 UTC 2021
##### Youtube RTHK Backup - Contributor120 #####
Number of entires in metadata archive:  17293
Number of files confirmed backed up:  1276

Wed May  5 04:15:01 UTC 2021
##### Youtube RTHK Backup - Contributor120 #####
Number of entires in metadata archive:  17293
Number of files confirmed backed up:  1276

Wed May  5 04:20:01 UTC 2021
##### Youtube RTHK Backup - Contributor120 #####
Number of entires in metadata archive:  17293
Number of files confirmed backed up:  1276

Wed May  5 04:25:01 UTC 2021
##### Youtube RTHK Backup - Contributor120 #####
Number of entires in metadata archive:  17293
Number of files confirmed backed up:  1276

Wed May  5 04:30:01 UTC 2021
##### Youtube RTHK Backup - Contributor120 #####
Number of entires in metadata archive:  17293
Number of files confirmed backed up:  1276

Wed May  5 04:35:01 UTC 2021
##### Youtube RTHK Backup - Contributor120 #####
Number of entires in metadata archive:  17293
Number of files confirmed backed up:  1276

Wed May  5 04:40:01 UTC 2021
##### Youtube RTHK Backup - Contributor120 #####
Number of entires in metadata archive:  17293
Number of files confirmed backed up:  1276

Wed May  5 04:45:01 UTC 2021
##### Youtube RTHK Backup - Contributor120 #####
Number of entires in metadata archive:  17293
Number of files confirmed backed up:  1276

Wed May  5 04:50:01 UTC 2021
##### Youtube RTHK Backup - Contributor120 #####
Number of entires in metadata archive:  17293
Number of files confirmed backed up:  1276

Wed May  5 04:55:01 UTC 2021
##### Youtube RTHK Backup - Contributor120 #####
Number of entires in metadata archive:  17293
Number of files confirmed backed up:  1276

Wed May  5 05:00:01 UTC 2021
##### Youtube RTHK Backup - Contributor120 #####
Number of entires in metadata archive:  17293
Number of files confirmed backed up:  1276

Wed May  5 05:05:01 UTC 2021
##### Youtube RTHK Backup - Contributor120 #####
Number of entires in metadata archive:  17293
Number of files confirmed backed up:  1276

Wed May  5 05:10:01 UTC 2021
##### Youtube RTHK Backup - Contributor120 #####
Number of entires in metadata archive:  17293
Number of files confirmed backed up:  1276

Wed May  5 05:15:01 UTC 2021
##### Youtube RTHK Backup - Contributor120 #####
Number of entires in metadata archive:  17293
Number of files confirmed backed up:  1276

Wed May  5 05:20:01 UTC 2021
##### Youtube RTHK Backup - Contributor120 #####
Number of entires in metadata archive:  17293
Number of files confirmed backed up:  1276

Wed May  5 05:25:01 UTC 2021
##### Youtube RTHK Backup - Contributor120 #####
Number of entires in metadata archive:  17293
Number of files confirmed backed up:  1276

Wed May  5 05:30:01 UTC 2021
##### Youtube RTHK Backup - Contributor120 #####
Number of entires in metadata archive:  17293
Number of files confirmed backed up:  1276

Wed May  5 05:35:01 UTC 2021
##### Youtube RTHK Backup - Contributor120 #####
Number of entires in metadata archive:  17293
Number of files confirmed backed up:  1276

Wed May  5 05:40:01 UTC 2021
##### Youtube RTHK Backup - Contributor120 #####
Number of entires in metadata archive:  17293
Number of files confirmed backed up:  1276

Wed May  5 05:45:01 UTC 2021
##### Youtube RTHK Backup - Contributor120 #####
Number of entires in metadata archive:  17293
Number of files confirmed backed up:  1276

Wed May  5 05:50:01 UTC 2021
##### Youtube RTHK Backup - Contributor120 #####
Number of entires in metadata archive:  17293
Number of files confirmed backed up:  1276

Wed May  5 05:55:01 UTC 2021
##### Youtube RTHK Backup - Contributor120 #####
Number of entires in metadata archive:  17293
Number of files confirmed backed up:  1276

Wed May  5 06:00:01 UTC 2021
##### Youtube RTHK Backup - Contributor120 #####
Number of entires in metadata archive:  17293
Number of files confirmed backed up:  1276

Wed May  5 06:05:01 UTC 2021
##### Youtube RTHK Backup - Contributor120 #####
Number of entires in metadata archive:  17293
Number of files confirmed backed up:  1276

Wed May  5 06:10:01 UTC 2021
##### Youtube RTHK Backup - Contributor120 #####
Number of entires in metadata archive:  17293
Number of files confirmed backed up:  1276

Wed May  5 06:15:01 UTC 2021
##### Youtube RTHK Backup - Contributor120 #####
Number of entires in metadata archive:  17293
Number of files confirmed backed up:  1276

Wed May  5 06:20:01 UTC 2021
##### Youtube RTHK Backup - Contributor120 #####
Number of entires in metadata archive:  17293
Number of files confirmed backed up:  1276

Wed May  5 06:25:01 UTC 2021
##### Youtube RTHK Backup - Contributor120 #####
Number of entires in metadata archive:  17293
Number of files confirmed backed up:  1276

Wed May  5 06:30:01 UTC 2021
##### Youtube RTHK Backup - Contributor120 #####
Number of entires in metadata archive:  17293
Number of files confirmed backed up:  1276

Wed May  5 06:35:01 UTC 2021
##### Youtube RTHK Backup - Contributor120 #####
Number of entires in metadata archive:  17293
Number of files confirmed backed up:  1276

Wed May  5 06:40:01 UTC 2021
##### Youtube RTHK Backup - Contributor120 #####
Number of entires in metadata archive:  17293
Number of files confirmed backed up:  1276

Wed May  5 06:45:01 UTC 2021
##### Youtube RTHK Backup - Contributor120 #####
Number of entires in metadata archive:  17293
Number of files confirmed backed up:  1276

Wed May  5 06:50:01 UTC 2021
##### Youtube RTHK Backup - Contributor120 #####
Number of entires in metadata archive:  17293
Number of files confirmed backed up:  1276

Wed May  5 06:55:01 UTC 2021
##### Youtube RTHK Backup - Contributor120 #####
Number of entires in metadata archive:  17293
Number of files confirmed backed up:  1276

Wed May  5 07:00:01 UTC 2021
##### Youtube RTHK Backup - Contributor120 #####
Number of entires in metadata archive:  17293
Number of files confirmed backed up:  1276

Wed May  5 07:05:02 UTC 2021
##### Youtube RTHK Backup - Contributor120 #####
Number of entires in metadata archive:  17293
Number of files confirmed backed up:  1276

Wed May  5 07:10:01 UTC 2021
##### Youtube RTHK Backup - Contributor120 #####
Number of entires in metadata archive:  17293
Number of files confirmed backed up:  1276

Wed May  5 07:15:01 UTC 2021
##### Youtube RTHK Backup - Contributor120 #####
Number of entires in metadata archive:  17293
Number of files confirmed backed up:  1276

Wed May  5 07:20:01 UTC 2021
##### Youtube RTHK Backup - Contributor120 #####
Number of entires in metadata archive:  17293
Number of files confirmed backed up:  1276

Wed May  5 07:25:01 UTC 2021
##### Youtube RTHK Backup - Contributor120 #####
Number of entires in metadata archive:  17293
Number of files confirmed backed up:  1276

Wed May  5 07:30:01 UTC 2021
##### Youtube RTHK Backup - Contributor120 #####
Number of entires in metadata archive:  17293
Number of files confirmed backed up:  1276

Wed May  5 07:35:01 UTC 2021
##### Youtube RTHK Backup - Contributor120 #####
Number of entires in metadata archive:  17293
Number of files confirmed backed up:  1276

Wed May  5 07:40:01 UTC 2021
##### Youtube RTHK Backup - Contributor120 #####
Number of entires in metadata archive:  17293
Number of files confirmed backed up:  1276

Wed May  5 07:45:01 UTC 2021
##### Youtube RTHK Backup - Contributor120 #####
Number of entires in metadata archive:  17293
Number of files confirmed backed up:  1276

Wed May  5 07:50:01 UTC 2021
##### Youtube RTHK Backup - Contributor120 #####
Number of entires in metadata archive:  17293
Number of files confirmed backed up:  1276

Wed May  5 07:55:01 UTC 2021
##### Youtube RTHK Backup - Contributor120 #####
Number of entires in metadata archive:  17293
Number of files confirmed backed up:  1276

Wed May  5 08:00:01 UTC 2021
##### Youtube RTHK Backup - Contributor120 #####
Number of entires in metadata archive:  17293
Number of files confirmed backed up:  1276

Wed May  5 08:05:01 UTC 2021
##### Youtube RTHK Backup - Contributor120 #####
Number of entires in metadata archive:  17293
Number of files confirmed backed up:  1276

Wed May  5 08:08:48 UTC 2021
##### Youtube RTHK Backup - Contributor120 #####
Number of entires in metadata archive:  17293
Number of files confirmed backed up:  1276

Wed May  5 08:10:01 UTC 2021
##### Youtube RTHK Backup - Contributor120 #####
Number of entires in metadata archive:  17293
Number of files confirmed backed up:  1276

Wed May  5 08:30:01 UTC 2021
##### Youtube RTHK Backup - Contributor120 #####
Number of entires in metadata archive:  17293
Number of files confirmed backed up:  1276

Wed May  5 09:00:01 UTC 2021
##### Youtube RTHK Backup - Contributor120 #####
Number of entires in metadata archive:  17293
Number of files confirmed backed up:  1276

Wed May  5 09:30:01 UTC 2021
##### Youtube RTHK Backup - Contributor120 #####
Number of entires in metadata archive:  17293
Number of files confirmed backed up:  1276

Wed May  5 10:00:01 UTC 2021
##### Youtube RTHK Backup - Contributor120 #####
Number of entires in metadata archive:  17293
Number of files confirmed backed up:  1278

Wed May  5 10:30:01 UTC 2021
##### Youtube RTHK Backup - Contributor120 #####
Number of entires in metadata archive:  17293
Number of files confirmed backed up:  1278

Wed May  5 11:00:01 UTC 2021
##### Youtube RTHK Backup - Contributor120 #####
Number of entires in metadata archive:  17293
Number of files confirmed backed up:  1278

Wed May  5 11:30:01 UTC 2021
##### Youtube RTHK Backup - Contributor120 #####
Number of entires in metadata archive:  17293
Number of files confirmed backed up:  1278

Wed May  5 12:00:01 UTC 2021
##### Youtube RTHK Backup - Contributor120 #####
Number of entires in metadata archive:  17293
Number of files confirmed backed up:  1278

Wed May  5 12:30:01 UTC 2021
##### Youtube RTHK Backup - Contributor120 #####
Number of entires in metadata archive:  17293
Number of files confirmed backed up:  1278

Wed May  5 13:00:01 UTC 2021
##### Youtube RTHK Backup - Contributor120 #####
Number of entires in metadata archive:  17293
Number of files confirmed backed up:  1278

Wed May  5 13:30:01 UTC 2021
##### Youtube RTHK Backup - Contributor120 #####
Number of entires in metadata archive:  17293
Number of files confirmed backed up:  1278

Wed May  5 14:00:01 UTC 2021
##### Youtube RTHK Backup - Contributor120 #####
Number of entires in metadata archive:  17293
Number of files confirmed backed up:  1278

Wed May  5 14:30:01 UTC 2021
##### Youtube RTHK Backup - Contributor120 #####
Number of entires in metadata archive:  17293
Number of files confirmed backed up:  1278

Wed May  5 15:00:01 UTC 2021
##### Youtube RTHK Backup - Contributor120 #####
Number of entires in metadata archive:  17293
Number of files confirmed backed up:  1278

Wed May  5 15:30:01 UTC 2021
##### Youtube RTHK Backup - Contributor120 #####
Number of entires in metadata archive:  17293
Number of files confirmed backed up:  1278

Wed May  5 16:00:01 UTC 2021
##### Youtube RTHK Backup - Contributor120 #####
Number of entires in metadata archive:  17293
Number of files confirmed backed up:  1278

Wed May  5 16:30:01 UTC 2021
##### Youtube RTHK Backup - Contributor120 #####
Number of entires in metadata archive:  17293
Number of files confirmed backed up:  1278

Wed May  5 17:00:01 UTC 2021
##### Youtube RTHK Backup - Contributor120 #####
Number of entires in metadata archive:  17293
Number of files confirmed backed up:  1278

Wed May  5 17:30:01 UTC 2021
##### Youtube RTHK Backup - Contributor120 #####
Number of entires in metadata archive:  17293
Number of files confirmed backed up:  1278

Wed May  5 18:00:01 UTC 2021
##### Youtube RTHK Backup - Contributor120 #####
Number of entires in metadata archive:  17293
Number of files confirmed backed up:  1280

Wed May  5 18:30:01 UTC 2021
##### Youtube RTHK Backup - Contributor120 #####
Number of entires in metadata archive:  17293
Number of files confirmed backed up:  1282

Wed May  5 19:00:01 UTC 2021
##### Youtube RTHK Backup - Contributor120 #####
Number of entires in metadata archive:  17293
Number of files confirmed backed up:  1282

Wed May  5 19:30:01 UTC 2021
##### Youtube RTHK Backup - Contributor120 #####
Number of entires in metadata archive:  17293
Number of files confirmed backed up:  1282

Wed May  5 20:00:01 UTC 2021
##### Youtube RTHK Backup - Contributor120 #####
Number of entires in metadata archive:  17293
Number of files confirmed backed up:  1282

Wed May  5 20:30:01 UTC 2021
##### Youtube RTHK Backup - Contributor120 #####
Number of entires in metadata archive:  17293
Number of files confirmed backed up:  1282

Wed May  5 21:00:01 UTC 2021
##### Youtube RTHK Backup - Contributor120 #####
Number of entires in metadata archive:  17293
Number of files confirmed backed up:  1282

Wed May  5 21:30:01 UTC 2021
##### Youtube RTHK Backup - Contributor120 #####
Number of entires in metadata archive:  17293
Number of files confirmed backed up:  1282

Wed May  5 22:00:01 UTC 2021
##### Youtube RTHK Backup - Contributor120 #####
Number of entires in metadata archive:  17293
Number of files confirmed backed up:  1282

Wed May  5 22:30:01 UTC 2021
##### Youtube RTHK Backup - Contributor120 #####
Number of entires in metadata archive:  17293
Number of files confirmed backed up:  1282

Wed May  5 23:00:01 UTC 2021
##### Youtube RTHK Backup - Contributor120 #####
Number of entires in metadata archive:  17293
Number of files confirmed backed up:  1282

Wed May  5 23:30:01 UTC 2021
##### Youtube RTHK Backup - Contributor120 #####
Number of entires in metadata archive:  17293
Number of files confirmed backed up:  1283

Thu May  6 00:00:01 UTC 2021
##### Youtube RTHK Backup - Contributor120 #####
Number of entires in metadata archive:  17293
Number of files confirmed backed up:  1283

Thu May  6 00:30:01 UTC 2021
##### Youtube RTHK Backup - Contributor120 #####
Number of entires in metadata archive:  17293
Number of files confirmed backed up:  1283

Thu May  6 01:00:01 UTC 2021
##### Youtube RTHK Backup - Contributor120 #####
Number of entires in metadata archive:  17293
Number of files confirmed backed up:  1283

Thu May  6 01:30:01 UTC 2021
##### Youtube RTHK Backup - Contributor120 #####
Number of entires in metadata archive:  17293
Number of files confirmed backed up:  1283

Thu May  6 02:00:01 UTC 2021
##### Youtube RTHK Backup - Contributor120 #####
Number of entires in metadata archive:  17293
Number of files confirmed backed up:  1268

Thu May  6 02:30:01 UTC 2021
##### Youtube RTHK Backup - Contributor120 #####
Number of entires in metadata archive:  17293
Number of files confirmed backed up:  1269

Thu May  6 03:00:01 UTC 2021
##### Youtube RTHK Backup - Contributor120 #####
Number of entires in metadata archive:  17293
Number of files confirmed backed up:  1270

Thu May  6 03:30:01 UTC 2021
##### Youtube RTHK Backup - Contributor120 #####
Number of entires in metadata archive:  17293
Number of files confirmed backed up:  1270

Thu May  6 04:00:01 UTC 2021
##### Youtube RTHK Backup - Contributor120 #####
Number of entires in metadata archive:  17293
Number of files confirmed backed up:  1270

Thu May  6 04:30:01 UTC 2021
##### Youtube RTHK Backup - Contributor120 #####
Number of entires in metadata archive:  17293
Number of files confirmed backed up:  1270

Thu May  6 05:00:01 UTC 2021
##### Youtube RTHK Backup - Contributor120 #####
Number of entires in metadata archive:  17293
Number of files confirmed backed up:  1270

Thu May  6 05:30:01 UTC 2021
##### Youtube RTHK Backup - Contributor120 #####
Number of entires in metadata archive:  17293
Number of files confirmed backed up:  1270

Thu May  6 06:00:01 UTC 2021
##### Youtube RTHK Backup - Contributor120 #####
Number of entires in metadata archive:  17293
Number of files confirmed backed up:  1270

Thu May  6 06:30:01 UTC 2021
##### Youtube RTHK Backup - Contributor120 #####
Number of entires in metadata archive:  17293
Number of files confirmed backed up:  1270

Thu May  6 07:00:01 UTC 2021
##### Youtube RTHK Backup - Contributor120 #####
Number of entires in metadata archive:  17293
Number of files confirmed backed up:  1270

Thu May  6 07:30:01 UTC 2021
##### Youtube RTHK Backup - Contributor120 #####
Number of entires in metadata archive:  17293
Number of files confirmed backed up:  1270

Thu May  6 08:00:01 UTC 2021
##### Youtube RTHK Backup - Contributor120 #####
Number of entires in metadata archive:  17293
Number of files confirmed backed up:  1270

Thu May  6 08:30:01 UTC 2021
##### Youtube RTHK Backup - Contributor120 #####
Number of entires in metadata archive:  17293
Number of files confirmed backed up:  1270

Thu May  6 09:00:01 UTC 2021
##### Youtube RTHK Backup - Contributor120 #####
Number of entires in metadata archive:  17293
Number of files confirmed backed up:  1270

Thu May  6 09:30:01 UTC 2021
##### Youtube RTHK Backup - Contributor120 #####
Number of entires in metadata archive:  17293
Number of files confirmed backed up:  1270

Thu May  6 10:00:01 UTC 2021
##### Youtube RTHK Backup - Contributor120 #####
Number of entires in metadata archive:  17293
Number of files confirmed backed up:  1270

Thu May  6 10:30:01 UTC 2021
##### Youtube RTHK Backup - Contributor120 #####
Number of entires in metadata archive:  17293
Number of files confirmed backed up:  1270

Thu May  6 11:00:01 UTC 2021
##### Youtube RTHK Backup - Contributor120 #####
Number of entires in metadata archive:  17293
Number of files confirmed backed up:  1270

Thu May  6 11:30:01 UTC 2021
##### Youtube RTHK Backup - Contributor120 #####
Number of entires in metadata archive:  17293
Number of files confirmed backed up:  1270

Thu May  6 12:00:01 UTC 2021
##### Youtube RTHK Backup - Contributor120 #####
Number of entires in metadata archive:  17293
Number of files confirmed backed up:  1270

Thu May  6 12:30:01 UTC 2021
##### Youtube RTHK Backup - Contributor120 #####
Number of entires in metadata archive:  17293
Number of files confirmed backed up:  1270

Thu May  6 13:00:01 UTC 2021
##### Youtube RTHK Backup - Contributor120 #####
Number of entires in metadata archive:  17293
Number of files confirmed backed up:  1270

Thu May  6 13:30:01 UTC 2021
##### Youtube RTHK Backup - Contributor120 #####
Number of entires in metadata archive:  17293
Number of files confirmed backed up:  1270

Thu May  6 14:00:01 UTC 2021
##### Youtube RTHK Backup - Contributor120 #####
Number of entires in metadata archive:  17293
Number of files confirmed backed up:  1270

Thu May  6 14:30:01 UTC 2021
##### Youtube RTHK Backup - Contributor120 #####
Number of entires in metadata archive:  17293
Number of files confirmed backed up:  1270

Thu May  6 15:00:01 UTC 2021
##### Youtube RTHK Backup - Contributor120 #####
Number of entires in metadata archive:  17293
Number of files confirmed backed up:  1270

Thu May  6 15:30:01 UTC 2021
##### Youtube RTHK Backup - Contributor120 #####
Number of entires in metadata archive:  17293
Number of files confirmed backed up:  1270

Thu May  6 16:00:01 UTC 2021
##### Youtube RTHK Backup - Contributor120 #####
Number of entires in metadata archive:  17293
Number of files confirmed backed up:  1270

Thu May  6 16:30:01 UTC 2021
##### Youtube RTHK Backup - Contributor120 #####
Number of entires in metadata archive:  17293
Number of files confirmed backed up:  1270

Thu May  6 17:00:01 UTC 2021
##### Youtube RTHK Backup - Contributor120 #####
Number of entires in metadata archive:  17293
Number of files confirmed backed up:  1270

Thu May  6 17:30:01 UTC 2021
##### Youtube RTHK Backup - Contributor120 #####
Number of entires in metadata archive:  17293
Number of files confirmed backed up:  1270

Thu May  6 18:00:01 UTC 2021
##### Youtube RTHK Backup - Contributor120 #####
Number of entires in metadata archive:  17293
Number of files confirmed backed up:  1270

Thu May  6 18:30:01 UTC 2021
##### Youtube RTHK Backup - Contributor120 #####
Number of entires in metadata archive:  17293
Number of files confirmed backed up:  1270
